<?xml version="1.0" encoding="UTF-8"?>
<!-- Generated by org.testng.reporters.JUnitReportReporter -->
<testsuite skipped="0" hostname="1INITCLT02666" name="TestPackage.Basics2" tests="4" failures="0" timestamp="15 Feb 2023 03:51:45 GMT" time="0.005" errors="0">
  <testcase name="dummy" time="0.002" classname="TestPackage.Basics2"/>
  <testcase name="home" time="0.002" classname="TestPackage.Basics2"/>
  <testcase name="personal" time="0.000" classname="TestPackage.Basics2"/>
  <testcase name="demo3" time="0.001" classname="TestPackage.Basics2"/>
</testsuite> <!-- TestPackage.Basics2 -->
