<?xml version="1.0" encoding="UTF-8"?>
<!-- Generated by org.testng.reporters.JUnitReportReporter -->
<testsuite skipped="0" hostname="1INITCLT02666" name="TestPackage.Basics5" tests="3" failures="0" timestamp="15 Feb 2023 03:51:45 GMT" time="0.001" errors="0">
  <testcase name="demo" time="0.000" classname="TestPackage.Basics5"/>
  <testcase name="demo" time="0.001" classname="TestPackage.Basics5"/>
  <testcase name="demo" time="0.000" classname="TestPackage.Basics5"/>
</testsuite> <!-- TestPackage.Basics5 -->
