<?xml version="1.0" encoding="UTF-8"?>
<!-- Generated by org.testng.reporters.JUnitReportReporter -->
<testsuite skipped="0" hostname="1INITCLT02666" name="TestPackage.Basics3" tests="1" failures="0" timestamp="15 Feb 2023 03:51:45 GMT" time="0.003" errors="0">
  <testcase name="Carlogin" time="0.003" classname="TestPackage.Basics3"/>
</testsuite> <!-- TestPackage.Basics3 -->
